-----  Stop and Wait Network Simulator Version 1.1 -------- 

Enter the number of messages to simulate: Enter  packet loss probability [enter 0.0 for no loss]:Enter packet corruption probability [0.0 for no corruption]:Enter average time between messages from sender's layer5 [ > 0.0]:Enter TRACE:          GENERATE NEXT ARRIVAL: creating new arrival
current time:0.000000
--------------
Event List Follows:
Event time: 1.870574, type: 0 entity: 0
--------------
          GENERATE NEXT ARRIVAL: creating new arrival
          MAINLOOP: data given to student: aaaaaaaaaaaaaaaaaaaa
A-output.
          TOLAYER3: seq: 0, ack 0, check: -52686, data: aaaaaaaaaaaaaaaaaaaa
          TOLAYER3: scheduling arrival on other side
          START TIMER: starting timer at 1.870574
timeout_interval = 1.500000
current time:1.870574
--------------
Event List Follows:
Event time: 2.366696, type: 1 entity: 1
Event time: 3.370574, type: 2 entity: 0
Event time: 3.512484, type: 0 entity: 0
--------------
B_input
check sum is corect.
          TOLAYER5: data received: aaaaaaaaaaaaaaaaaaaa
          TOLAYER3: seq: 1, ack 21882, check: -35982, data: AAAAAAAAAAAAAAAAAAAA
          TOLAYER3: scheduling arrival on other side
current time:2.366696
--------------
Event List Follows:
Event time: 2.836875, type: 1 entity: 0
Event time: 3.370574, type: 2 entity: 0
Event time: 3.512484, type: 0 entity: 0
--------------
A_input
check sum is corect.
          STOP TIMER: stopping timer at 2.836875
          TOLAYER5: data received: AAAAAAAAAAAAAAAAAAAA
current time:2.836875
--------------
Event List Follows:
Event time: 3.512484, type: 0 entity: 0
--------------
          GENERATE NEXT ARRIVAL: creating new arrival
          MAINLOOP: data given to student: bbbbbbbbbbbbbbbbbbbb
A-output.
          TOLAYER3: seq: 0, ack 1, check: -55256, data: bbbbbbbbbbbbbbbbbbbb
          TOLAYER3: scheduling arrival on other side
          START TIMER: starting timer at 3.512484
timeout_interval = 1.029487
current time:3.512484
--------------
Event List Follows:
Event time: 3.625872, type: 1 entity: 1
Event time: 4.541971, type: 2 entity: 0
Event time: 5.209403, type: 0 entity: 0
--------------
B_input
check sum is corect.
          TOLAYER5: data received: bbbbbbbbbbbbbbbbbbbb
          TOLAYER3: seq: 0, ack 21882, check: -38551, data: BBBBBBBBBBBBBBBBBBBB
          TOLAYER3: scheduling arrival on other side
current time:3.625872
--------------
Event List Follows:
Event time: 4.011124, type: 1 entity: 0
Event time: 4.541971, type: 2 entity: 0
Event time: 5.209403, type: 0 entity: 0
--------------
A_input
check sum is corect.
          STOP TIMER: stopping timer at 4.011124
          TOLAYER5: data received: BBBBBBBBBBBBBBBBBBBB
current time:4.011124
--------------
Event List Follows:
Event time: 5.209403, type: 0 entity: 0
--------------
          GENERATE NEXT ARRIVAL: creating new arrival
          MAINLOOP: data given to student: cccccccccccccccccccc
A-output.
          TOLAYER3: seq: 0, ack 0, check: -57826, data: cccccccccccccccccccc
          TOLAYER3: scheduling arrival on other side
          START TIMER: starting timer at 5.209403
timeout_interval = 1.456066
current time:5.209403
--------------
Event List Follows:
Event time: 5.638670, type: 1 entity: 1
Event time: 6.091732, type: 0 entity: 0
Event time: 6.665469, type: 2 entity: 0
--------------
B_input
check sum is corect.
          TOLAYER5: data received: cccccccccccccccccccc
          TOLAYER3: seq: 1, ack 21882, check: -41122, data: CCCCCCCCCCCCCCCCCCCC
          TOLAYER3: scheduling arrival on other side
current time:5.638670
--------------
Event List Follows:
Event time: 6.091732, type: 0 entity: 0
Event time: 6.227383, type: 1 entity: 0
Event time: 6.665469, type: 2 entity: 0
--------------
          GENERATE NEXT ARRIVAL: creating new arrival
          MAINLOOP: data given to student: dddddddddddddddddddd
wait echo, so drop this message.
current time:6.091732
--------------
Event List Follows:
Event time: 6.227383, type: 1 entity: 0
Event time: 6.665469, type: 2 entity: 0
Event time: 6.803430, type: 0 entity: 0
--------------
A_input
check sum is corect.
          STOP TIMER: stopping timer at 6.227383
          TOLAYER5: data received: CCCCCCCCCCCCCCCCCCCC
current time:6.227383
--------------
Event List Follows:
Event time: 6.803430, type: 0 entity: 0
--------------
          GENERATE NEXT ARRIVAL: creating new arrival
          MAINLOOP: data given to student: eeeeeeeeeeeeeeeeeeee
A-output.
          TOLAYER3: seq: 0, ack 1, check: -62966, data: eeeeeeeeeeeeeeeeeeee
          TOLAYER3: scheduling arrival on other side
          START TIMER: starting timer at 6.803430
timeout_interval = 1.420338
current time:6.803430
--------------
Event List Follows:
Event time: 6.995679, type: 1 entity: 1
Event time: 7.921130, type: 0 entity: 0
Event time: 8.223768, type: 2 entity: 0
--------------
B_input
check sum is corect.
          TOLAYER5: data received: eeeeeeeeeeeeeeeeeeee
          TOLAYER3: seq: 0, ack 21882, check: -46261, data: EEEEEEEEEEEEEEEEEEEE
          TOLAYER3: scheduling arrival on other side
current time:6.995679
--------------
Event List Follows:
Event time: 7.147495, type: 1 entity: 0
Event time: 7.921130, type: 0 entity: 0
Event time: 8.223768, type: 2 entity: 0
--------------
A_input
check sum is corect.
          STOP TIMER: stopping timer at 7.147495
          TOLAYER5: data received: EEEEEEEEEEEEEEEEEEEE
current time:7.147495
--------------
Event List Follows:
Event time: 7.921130, type: 0 entity: 0
--------------
          GENERATE NEXT ARRIVAL: creating new arrival
          MAINLOOP: data given to student: ffffffffffffffffffff
A-output.
          TOLAYER3: seq: 0, ack 0, check: -65536, data: ffffffffffffffffffff
          TOLAYER3: scheduling arrival on other side
          START TIMER: starting timer at 7.921130
timeout_interval = 1.826407
current time:7.921130
--------------
Event List Follows:
Event time: 8.010186, type: 1 entity: 1
Event time: 8.938197, type: 0 entity: 0
Event time: 9.747537, type: 2 entity: 0
--------------
B_input
check sum is corect.
          TOLAYER5: data received: ffffffffffffffffffff
          TOLAYER3: seq: 1, ack 21882, check: -48832, data: FFFFFFFFFFFFFFFFFFFF
          TOLAYER3: scheduling arrival on other side
current time:8.010186
--------------
Event List Follows:
Event time: 8.361139, type: 1 entity: 0
Event time: 8.938197, type: 0 entity: 0
Event time: 9.747537, type: 2 entity: 0
--------------
A_input
check sum is corect.
          STOP TIMER: stopping timer at 8.361139
          TOLAYER5: data received: FFFFFFFFFFFFFFFFFFFF
current time:8.361139
--------------
Event List Follows:
Event time: 8.938197, type: 0 entity: 0
--------------
          GENERATE NEXT ARRIVAL: creating new arrival
          MAINLOOP: data given to student: gggggggggggggggggggg
A-output.
          TOLAYER3: seq: 0, ack 1, check: -2571, data: gggggggggggggggggggg
          TOLAYER3: scheduling arrival on other side
          START TIMER: starting timer at 8.938197
timeout_interval = 1.962614
current time:8.938197
--------------
Event List Follows:
Event time: 9.045004, type: 0 entity: 0
Event time: 9.475749, type: 1 entity: 1
Event time: 10.900812, type: 2 entity: 0
--------------
          GENERATE NEXT ARRIVAL: creating new arrival
          MAINLOOP: data given to student: hhhhhhhhhhhhhhhhhhhh
wait echo, so drop this message.
current time:9.045004
--------------
Event List Follows:
Event time: 9.475749, type: 1 entity: 1
Event time: 10.236272, type: 0 entity: 0
Event time: 10.900812, type: 2 entity: 0
--------------
B_input
check sum is corect.
          TOLAYER5: data received: gggggggggggggggggggg
          TOLAYER3: seq: 0, ack 21882, check: -51401, data: GGGGGGGGGGGGGGGGGGGG
          TOLAYER3: scheduling arrival on other side
current time:9.475749
--------------
Event List Follows:
Event time: 9.572993, type: 1 entity: 0
Event time: 10.236272, type: 0 entity: 0
Event time: 10.900812, type: 2 entity: 0
--------------
A_input
check sum is corect.
          STOP TIMER: stopping timer at 9.572993
          TOLAYER5: data received: GGGGGGGGGGGGGGGGGGGG
current time:9.572993
--------------
Event List Follows:
Event time: 10.236272, type: 0 entity: 0
--------------
          GENERATE NEXT ARRIVAL: creating new arrival
          MAINLOOP: data given to student: iiiiiiiiiiiiiiiiiiii
A-output.
          TOLAYER3: seq: 0, ack 0, check: -7711, data: iiiiiiiiiiiiiiiiiiii
          TOLAYER3: scheduling arrival on other side
          START TIMER: starting timer at 10.236272
timeout_interval = 1.833981
current time:10.236272
--------------
Event List Follows:
Event time: 10.249264, type: 0 entity: 0
Event time: 10.270315, type: 1 entity: 1
Event time: 12.070252, type: 2 entity: 0
--------------
          GENERATE NEXT ARRIVAL: creating new arrival
          MAINLOOP: data given to student: jjjjjjjjjjjjjjjjjjjj
wait echo, so drop this message.
current time:10.249264
--------------
Event List Follows:
Event time: 10.270315, type: 1 entity: 1
Event time: 11.199064, type: 0 entity: 0
Event time: 12.070252, type: 2 entity: 0
--------------
B_input
check sum is corect.
          TOLAYER5: data received: iiiiiiiiiiiiiiiiiiii
          TOLAYER3: seq: 1, ack 21882, check: -56542, data: IIIIIIIIIIIIIIIIIIII
          TOLAYER3: scheduling arrival on other side
current time:10.270315
--------------
Event List Follows:
Event time: 10.294791, type: 1 entity: 0
Event time: 11.199064, type: 0 entity: 0
Event time: 12.070252, type: 2 entity: 0
--------------
A_input
check sum is corect.
          STOP TIMER: stopping timer at 10.294791
          TOLAYER5: data received: IIIIIIIIIIIIIIIIIIII
current time:10.294791
--------------
Event List Follows:
Event time: 11.199064, type: 0 entity: 0
--------------
          GENERATE NEXT ARRIVAL: creating new arrival
          MAINLOOP: data given to student: kkkkkkkkkkkkkkkkkkkk
A-output.
          TOLAYER3: seq: 0, ack 1, check: -12851, data: kkkkkkkkkkkkkkkkkkkk
          TOLAYER3: scheduling arrival on other side
          START TIMER: starting timer at 11.199064
timeout_interval = 2.216332
current time:11.199064
--------------
Event List Follows:
Event time: 11.283028, type: 1 entity: 1
Event time: 12.928233, type: 0 entity: 0
Event time: 13.415396, type: 2 entity: 0
--------------
B_input
check sum is corect.
          TOLAYER5: data received: kkkkkkkkkkkkkkkkkkkk
          TOLAYER3: seq: 0, ack 21882, check: -61681, data: KKKKKKKKKKKKKKKKKKKK
          TOLAYER3: scheduling arrival on other side
current time:11.283028
--------------
Event List Follows:
Event time: 11.707393, type: 1 entity: 0
Event time: 12.928233, type: 0 entity: 0
Event time: 13.415396, type: 2 entity: 0
--------------
A_input
check sum is corect.
          STOP TIMER: stopping timer at 11.707393
          TOLAYER5: data received: KKKKKKKKKKKKKKKKKKKK
current time:11.707393
--------------
Event List Follows:
Event time: 12.928233, type: 0 entity: 0
--------------
          GENERATE NEXT ARRIVAL: creating new arrival
          MAINLOOP: data given to student: llllllllllllllllllll
A-output.
          TOLAYER3: seq: 0, ack 0, check: -15421, data: llllllllllllllllllll
          TOLAYER3: scheduling arrival on other side
          START TIMER: starting timer at 12.928233
timeout_interval = 2.006236
current time:12.928233
--------------
Event List Follows:
Event time: 13.223984, type: 1 entity: 1
Event time: 14.109873, type: 0 entity: 0
Event time: 14.934468, type: 2 entity: 0
--------------
B_input
check sum is corect.
          TOLAYER5: data received: llllllllllllllllllll
          TOLAYER3: seq: 1, ack 21882, check: -64252, data: LLLLLLLLLLLLLLLLLLLL
          TOLAYER3: scheduling arrival on other side
current time:13.223984
--------------
Event List Follows:
Event time: 14.102960, type: 1 entity: 0
Event time: 14.109873, type: 0 entity: 0
Event time: 14.934468, type: 2 entity: 0
--------------
A_input
check sum is corect.
          STOP TIMER: stopping timer at 14.102960
          TOLAYER5: data received: LLLLLLLLLLLLLLLLLLLL
current time:14.102960
--------------
Event List Follows:
Event time: 14.109873, type: 0 entity: 0
--------------
          GENERATE NEXT ARRIVAL: creating new arrival
          MAINLOOP: data given to student: mmmmmmmmmmmmmmmmmmmm
A-output.
          TOLAYER3: seq: 0, ack 1, check: -17991, data: mmmmmmmmmmmmmmmmmmmm
          TOLAYER3: scheduling arrival on other side
          START TIMER: starting timer at 14.109873
timeout_interval = 2.233842
current time:14.109873
--------------
Event List Follows:
Event time: 14.622947, type: 1 entity: 1
Event time: 15.317561, type: 0 entity: 0
Event time: 16.343715, type: 2 entity: 0
--------------
B_input
check sum is corect.
          TOLAYER5: data received: mmmmmmmmmmmmmmmmmmmm
          TOLAYER3: seq: 0, ack 21882, check: -1286, data: MMMMMMMMMMMMMMMMMMMM
          TOLAYER3: scheduling arrival on other side
current time:14.622947
--------------
Event List Follows:
Event time: 14.731655, type: 1 entity: 0
Event time: 15.317561, type: 0 entity: 0
Event time: 16.343715, type: 2 entity: 0
--------------
A_input
check sum is corect.
          STOP TIMER: stopping timer at 14.731655
          TOLAYER5: data received: MMMMMMMMMMMMMMMMMMMM
current time:14.731655
--------------
Event List Follows:
Event time: 15.317561, type: 0 entity: 0
--------------
          GENERATE NEXT ARRIVAL: creating new arrival
          MAINLOOP: data given to student: nnnnnnnnnnnnnnnnnnnn
A-output.
          TOLAYER3: seq: 0, ack 0, check: -20561, data: nnnnnnnnnnnnnnnnnnnn
          TOLAYER3: scheduling arrival on other side
          START TIMER: starting timer at 15.317561
timeout_interval = 1.962972
current time:15.317561
--------------
Event List Follows:
Event time: 15.438704, type: 1 entity: 1
Event time: 15.739176, type: 0 entity: 0
Event time: 17.280533, type: 2 entity: 0
--------------
B_input
check sum is corect.
          TOLAYER5: data received: nnnnnnnnnnnnnnnnnnnn
          TOLAYER3: seq: 1, ack 21882, check: -3857, data: NNNNNNNNNNNNNNNNNNNN
          TOLAYER3: scheduling arrival on other side
current time:15.438704
--------------
Event List Follows:
Event time: 15.739176, type: 0 entity: 0
Event time: 15.995610, type: 1 entity: 0
Event time: 17.280533, type: 2 entity: 0
--------------
          GENERATE NEXT ARRIVAL: creating new arrival
          MAINLOOP: data given to student: oooooooooooooooooooo
wait echo, so drop this message.
current time:15.739176
--------------
Event List Follows:
Event time: 15.995610, type: 1 entity: 0
Event time: 17.003919, type: 0 entity: 0
Event time: 17.280533, type: 2 entity: 0
--------------
A_input
check sum is corect.
          STOP TIMER: stopping timer at 15.995610
          TOLAYER5: data received: NNNNNNNNNNNNNNNNNNNN
current time:15.995610
--------------
Event List Follows:
Event time: 17.003919, type: 0 entity: 0
--------------
          GENERATE NEXT ARRIVAL: creating new arrival
          MAINLOOP: data given to student: pppppppppppppppppppp
A-output.
          TOLAYER3: seq: 0, ack 1, check: -25701, data: pppppppppppppppppppp
          TOLAYER3: scheduling arrival on other side
          START TIMER: starting timer at 17.003919
timeout_interval = 1.694067
current time:17.003919
--------------
Event List Follows:
Event time: 17.500875, type: 1 entity: 1
Event time: 18.166684, type: 0 entity: 0
Event time: 18.697987, type: 2 entity: 0
--------------
B_input
check sum is corect.
          TOLAYER5: data received: pppppppppppppppppppp
          TOLAYER3: seq: 0, ack 21882, check: -8996, data: PPPPPPPPPPPPPPPPPPPP
          TOLAYER3: scheduling arrival on other side
current time:17.500875
--------------
Event List Follows:
Event time: 18.054664, type: 1 entity: 0
Event time: 18.166684, type: 0 entity: 0
Event time: 18.697987, type: 2 entity: 0
--------------
A_input
check sum is corect.
          STOP TIMER: stopping timer at 18.054664
          TOLAYER5: data received: PPPPPPPPPPPPPPPPPPPP
current time:18.054664
--------------
Event List Follows:
Event time: 18.166684, type: 0 entity: 0
--------------
          GENERATE NEXT ARRIVAL: creating new arrival
          MAINLOOP: data given to student: qqqqqqqqqqqqqqqqqqqq
A-output.
          TOLAYER3: seq: 0, ack 0, check: -28271, data: qqqqqqqqqqqqqqqqqqqq
          TOLAYER3: scheduling arrival on other side
          START TIMER: starting timer at 18.166684
timeout_interval = 1.823735
current time:18.166684
--------------
Event List Follows:
Event time: 18.244932, type: 1 entity: 1
Event time: 19.990419, type: 2 entity: 0
Event time: 20.017576, type: 0 entity: 0
--------------
B_input
check sum is corect.
          TOLAYER5: data received: qqqqqqqqqqqqqqqqqqqq
          TOLAYER3: seq: 1, ack 21882, check: -11567, data: QQQQQQQQQQQQQQQQQQQQ
          TOLAYER3: scheduling arrival on other side
current time:18.244932
--------------
Event List Follows:
Event time: 19.003056, type: 1 entity: 0
Event time: 19.990419, type: 2 entity: 0
Event time: 20.017576, type: 0 entity: 0
--------------
A_input
check sum is corect.
          STOP TIMER: stopping timer at 19.003056
          TOLAYER5: data received: QQQQQQQQQQQQQQQQQQQQ
current time:19.003056
--------------
Event List Follows:
Event time: 20.017576, type: 0 entity: 0
--------------
          GENERATE NEXT ARRIVAL: creating new arrival
          MAINLOOP: data given to student: rrrrrrrrrrrrrrrrrrrr
A-output.
          TOLAYER3: seq: 0, ack 1, check: -30841, data: rrrrrrrrrrrrrrrrrrrr
          TOLAYER3: scheduling arrival on other side
          START TIMER: starting timer at 20.017576
timeout_interval = 1.643504
current time:20.017576
--------------
Event List Follows:
Event time: 20.394516, type: 1 entity: 1
Event time: 21.661080, type: 2 entity: 0
Event time: 21.891907, type: 0 entity: 0
--------------
B_input
check sum is corect.
          TOLAYER5: data received: rrrrrrrrrrrrrrrrrrrr
          TOLAYER3: seq: 0, ack 21882, check: -14136, data: RRRRRRRRRRRRRRRRRRRR
          TOLAYER3: scheduling arrival on other side
current time:20.394516
--------------
Event List Follows:
Event time: 20.912852, type: 1 entity: 0
Event time: 21.661080, type: 2 entity: 0
Event time: 21.891907, type: 0 entity: 0
--------------
A_input
check sum is corect.
          STOP TIMER: stopping timer at 20.912852
          TOLAYER5: data received: RRRRRRRRRRRRRRRRRRRR
current time:20.912852
--------------
Event List Follows:
Event time: 21.891907, type: 0 entity: 0
--------------
          GENERATE NEXT ARRIVAL: creating new arrival
          MAINLOOP: data given to student: ssssssssssssssssssss
A-output.
          TOLAYER3: seq: 0, ack 0, check: -33411, data: ssssssssssssssssssss
          TOLAYER3: scheduling arrival on other side
          START TIMER: starting timer at 21.891907
timeout_interval = 1.566272
current time:21.891907
--------------
Event List Follows:
Event time: 22.085822, type: 1 entity: 1
Event time: 22.713377, type: 0 entity: 0
Event time: 23.458178, type: 2 entity: 0
--------------
B_input
check sum is corect.
          TOLAYER5: data received: ssssssssssssssssssss
          TOLAYER3: seq: 1, ack 21882, check: -16707, data: SSSSSSSSSSSSSSSSSSSS
          TOLAYER3: scheduling arrival on other side
current time:22.085822
--------------
Event List Follows:
Event time: 22.713377, type: 0 entity: 0
Event time: 23.028953, type: 1 entity: 0
Event time: 23.458178, type: 2 entity: 0
--------------
          GENERATE NEXT ARRIVAL: creating new arrival
          MAINLOOP: data given to student: tttttttttttttttttttt
wait echo, so drop this message.
routine exit because there is no event.
